f:\documents\dropbox\set\y2s4\graphics, animation and sound\assignment 2\mfcapplication2\mfcapplication2\debug\mfcapplication2.pch
f:\documents\dropbox\set\y2s4\graphics, animation and sound\assignment 2\mfcapplication2\mfcapplication2\debug\vc140.pdb
f:\documents\dropbox\set\y2s4\graphics, animation and sound\assignment 2\mfcapplication2\mfcapplication2\debug\vc140.idb
f:\documents\dropbox\set\y2s4\graphics, animation and sound\assignment 2\mfcapplication2\mfcapplication2\debug\stdafx.obj
f:\documents\dropbox\set\y2s4\graphics, animation and sound\assignment 2\mfcapplication2\mfcapplication2\debug\childview.obj
f:\documents\dropbox\set\y2s4\graphics, animation and sound\assignment 2\mfcapplication2\mfcapplication2\debug\mainfrm.obj
f:\documents\dropbox\set\y2s4\graphics, animation and sound\assignment 2\mfcapplication2\mfcapplication2\debug\mfcapplication2.obj
f:\documents\dropbox\set\y2s4\graphics, animation and sound\assignment 2\mfcapplication2\debug\mfcapplication2.ilk
f:\documents\dropbox\set\y2s4\graphics, animation and sound\assignment 2\mfcapplication2\debug\mfcapplication2.exe
f:\documents\dropbox\set\y2s4\graphics, animation and sound\assignment 2\mfcapplication2\debug\mfcapplication2.pdb
f:\documents\dropbox\set\y2s4\graphics, animation and sound\assignment 2\mfcapplication2\mfcapplication2\debug\mfcapplication2.res
f:\documents\dropbox\set\y2s4\graphics, animation and sound\assignment 2\mfcapplication2\mfcapplication2\debug\mfcapplication2.tlog\cl.command.1.tlog
f:\documents\dropbox\set\y2s4\graphics, animation and sound\assignment 2\mfcapplication2\mfcapplication2\debug\mfcapplication2.tlog\cl.read.1.tlog
f:\documents\dropbox\set\y2s4\graphics, animation and sound\assignment 2\mfcapplication2\mfcapplication2\debug\mfcapplication2.tlog\cl.write.1.tlog
f:\documents\dropbox\set\y2s4\graphics, animation and sound\assignment 2\mfcapplication2\mfcapplication2\debug\mfcapplication2.tlog\link-cvtres.read.1.tlog
f:\documents\dropbox\set\y2s4\graphics, animation and sound\assignment 2\mfcapplication2\mfcapplication2\debug\mfcapplication2.tlog\link-mt.read.1.tlog
f:\documents\dropbox\set\y2s4\graphics, animation and sound\assignment 2\mfcapplication2\mfcapplication2\debug\mfcapplication2.tlog\link-rc.read.1.tlog
f:\documents\dropbox\set\y2s4\graphics, animation and sound\assignment 2\mfcapplication2\mfcapplication2\debug\mfcapplication2.tlog\link.command.1.tlog
f:\documents\dropbox\set\y2s4\graphics, animation and sound\assignment 2\mfcapplication2\mfcapplication2\debug\mfcapplication2.tlog\link.read.1.tlog
f:\documents\dropbox\set\y2s4\graphics, animation and sound\assignment 2\mfcapplication2\mfcapplication2\debug\mfcapplication2.tlog\link.write.1.tlog
f:\documents\dropbox\set\y2s4\graphics, animation and sound\assignment 2\mfcapplication2\mfcapplication2\debug\mfcapplication2.tlog\rc.command.1.tlog
f:\documents\dropbox\set\y2s4\graphics, animation and sound\assignment 2\mfcapplication2\mfcapplication2\debug\mfcapplication2.tlog\rc.read.1.tlog
f:\documents\dropbox\set\y2s4\graphics, animation and sound\assignment 2\mfcapplication2\mfcapplication2\debug\mfcapplication2.tlog\rc.write.1.tlog
